<?xml version="1.0" encoding="UTF-8"?>
<testng-results skipped="0" failed="0" ignored="0" total="1" passed="1">
  <reporter-output>
    <line>
      <![CDATA[Before Suit Setup for APP]]>
    </line>
    <line>
      <![CDATA[Before Class  for APP]]>
    </line>
    <line>
      <![CDATA[After Method Reports for APP]]>
    </line>
    <line>
      <![CDATA[After Class Setup Teardown]]>
    </line>
  </reporter-output>
  <suite name="Suite" duration-ms="21942" started-at="2022-02-11T12:26:08 IST" finished-at="2022-02-11T12:26:30 IST">
    <groups>
    </groups>
    <test name="Test" duration-ms="21942" started-at="2022-02-11T12:26:08 IST" finished-at="2022-02-11T12:26:30 IST">
      <class name="com.automation.testcases.Loginpagetestcase">
        <test-method status="PASS" signature="setforapp()[pri:0, instance:com.automation.testcases.Loginpagetestcase@12d3247]" name="setforapp" is-config="true" duration-ms="1248" started-at="2022-02-11T12:26:07 IST" finished-at="2022-02-11T12:26:08 IST">
          <reporter-output>
            <line>
              <![CDATA[Before Suit Setup for APP]]>
            </line>
          </reporter-output>
        </test-method> <!-- setforapp -->
        <test-method status="PASS" signature="setup()[pri:0, instance:com.automation.testcases.Loginpagetestcase@12d3247]" name="setup" is-config="true" duration-ms="13036" started-at="2022-02-11T12:26:08 IST" finished-at="2022-02-11T12:26:21 IST">
          <reporter-output>
            <line>
              <![CDATA[Before Class  for APP]]>
            </line>
          </reporter-output>
        </test-method> <!-- setup -->
        <test-method status="PASS" signature="login()[pri:0, instance:com.automation.testcases.Loginpagetestcase@12d3247]" name="login" duration-ms="6243" started-at="2022-02-11T12:26:21 IST" finished-at="2022-02-11T12:26:28 IST">
          <reporter-output>
          </reporter-output>
        </test-method> <!-- login -->
        <test-method status="PASS" signature="Teardownmethod(org.testng.ITestResult)[pri:0, instance:com.automation.testcases.Loginpagetestcase@12d3247]" name="Teardownmethod" is-config="true" duration-ms="808" started-at="2022-02-11T12:26:28 IST" finished-at="2022-02-11T12:26:28 IST">
          <params>
            <param index="0">
              <value>
                <![CDATA[[TestResult name=login status=SUCCESS method=Loginpagetestcase.login()[pri:0, instance:com.automation.testcases.Loginpagetestcase@12d3247] output={null}]]]>
              </value>
            </param>
          </params>
          <reporter-output>
            <line>
              <![CDATA[After Method Reports for APP]]>
            </line>
          </reporter-output>
        </test-method> <!-- Teardownmethod -->
        <test-method status="PASS" signature="Teardown()[pri:0, instance:com.automation.testcases.Loginpagetestcase@12d3247]" name="Teardown" is-config="true" duration-ms="1777" started-at="2022-02-11T12:26:28 IST" finished-at="2022-02-11T12:26:30 IST">
          <reporter-output>
            <line>
              <![CDATA[After Class Setup Teardown]]>
            </line>
          </reporter-output>
        </test-method> <!-- Teardown -->
      </class> <!-- com.automation.testcases.Loginpagetestcase -->
    </test> <!-- Test -->
  </suite> <!-- Suite -->
</testng-results>
