<?xml version="1.0" encoding="UTF-8"?>
<testng-results ignored="0" total="1" passed="0" failed="1" skipped="0">
  <reporter-output>
    <line>
      <![CDATA[Before Suit Setup for APP]]>
    </line>
    <line>
      <![CDATA[Before Class  for APP]]>
    </line>
    <line>
      <![CDATA[After Method Reports for APP]]>
    </line>
    <line>
      <![CDATA[After Class Setup Teardown]]>
    </line>
  </reporter-output>
  <suite started-at="2022-02-09T10:56:32 IST" name="Suite" finished-at="2022-02-09T10:56:53 IST" duration-ms="21098">
    <groups>
    </groups>
    <test started-at="2022-02-09T10:56:32 IST" name="Test" finished-at="2022-02-09T10:56:53 IST" duration-ms="21098">
      <class name="com.automation.testcases.Loginpagetestcase">
        <test-method is-config="true" signature="setforapp()[pri:0, instance:com.automation.testcases.Loginpagetestcase@393671df]" started-at="2022-02-09T10:56:31 IST" name="setforapp" finished-at="2022-02-09T10:56:32 IST" duration-ms="795" status="PASS">
          <reporter-output>
            <line>
              <![CDATA[Before Suit Setup for APP]]>
            </line>
          </reporter-output>
        </test-method> <!-- setforapp -->
        <test-method is-config="true" signature="setup()[pri:0, instance:com.automation.testcases.Loginpagetestcase@393671df]" started-at="2022-02-09T10:56:32 IST" name="setup" finished-at="2022-02-09T10:56:44 IST" duration-ms="12828" status="PASS">
          <reporter-output>
            <line>
              <![CDATA[Before Class  for APP]]>
            </line>
          </reporter-output>
        </test-method> <!-- setup -->
        <test-method signature="login()[pri:0, instance:com.automation.testcases.Loginpagetestcase@393671df]" started-at="2022-02-09T10:56:44 IST" name="login" finished-at="2022-02-09T10:56:50 IST" duration-ms="5537" status="FAIL">
          <exception class="java.lang.NullPointerException">
            <full-stacktrace>
              <![CDATA[java.lang.NullPointerException
at com.automation.testcases.Loginpagetestcase.login(Loginpagetestcase.java:31)
at java.base/jdk.internal.reflect.NativeMethodAccessorImpl.invoke0(Native Method)
at java.base/jdk.internal.reflect.NativeMethodAccessorImpl.invoke(NativeMethodAccessorImpl.java:62)
at java.base/jdk.internal.reflect.DelegatingMethodAccessorImpl.invoke(DelegatingMethodAccessorImpl.java:43)
at java.base/java.lang.reflect.Method.invoke(Method.java:567)
at org.testng.internal.invokers.MethodInvocationHelper.invokeMethod(MethodInvocationHelper.java:135)
at org.testng.internal.invokers.TestInvoker.invokeMethod(TestInvoker.java:673)
at org.testng.internal.invokers.TestInvoker.invokeTestMethod(TestInvoker.java:220)
at org.testng.internal.invokers.MethodRunner.runInSequence(MethodRunner.java:50)
at org.testng.internal.invokers.TestInvoker$MethodInvocationAgent.invoke(TestInvoker.java:945)
at org.testng.internal.invokers.TestInvoker.invokeTestMethods(TestInvoker.java:193)
at org.testng.internal.invokers.TestMethodWorker.invokeTestMethods(TestMethodWorker.java:146)
at org.testng.internal.invokers.TestMethodWorker.run(TestMethodWorker.java:128)
at java.base/java.util.ArrayList.forEach(ArrayList.java:1507)
at org.testng.TestRunner.privateRun(TestRunner.java:808)
at org.testng.TestRunner.run(TestRunner.java:603)
at org.testng.SuiteRunner.runTest(SuiteRunner.java:429)
at org.testng.SuiteRunner.runSequentially(SuiteRunner.java:423)
at org.testng.SuiteRunner.privateRun(SuiteRunner.java:383)
at org.testng.SuiteRunner.run(SuiteRunner.java:326)
at org.testng.SuiteRunnerWorker.runSuite(SuiteRunnerWorker.java:52)
at org.testng.SuiteRunnerWorker.run(SuiteRunnerWorker.java:95)
at org.testng.TestNG.runSuitesSequentially(TestNG.java:1249)
at org.testng.TestNG.runSuitesLocally(TestNG.java:1169)
at org.testng.TestNG.runSuites(TestNG.java:1092)
at org.testng.TestNG.run(TestNG.java:1060)
at org.testng.remote.AbstractRemoteTestNG.run(AbstractRemoteTestNG.java:115)
at org.testng.remote.RemoteTestNG.initAndRun(RemoteTestNG.java:251)
at org.testng.remote.RemoteTestNG.main(RemoteTestNG.java:77)
]]>
            </full-stacktrace>
          </exception> <!-- java.lang.NullPointerException -->
          <reporter-output>
          </reporter-output>
        </test-method> <!-- login -->
        <test-method is-config="true" signature="Teardownmethod(org.testng.ITestResult)[pri:0, instance:com.automation.testcases.Loginpagetestcase@393671df]" started-at="2022-02-09T10:56:50 IST" name="Teardownmethod" finished-at="2022-02-09T10:56:51 IST" duration-ms="651" status="PASS">
          <params>
            <param index="0">
              <value>
                <![CDATA[[TestResult name=login status=FAILURE method=Loginpagetestcase.login()[pri:0, instance:com.automation.testcases.Loginpagetestcase@393671df] output={null}]]]>
              </value>
            </param>
          </params>
          <reporter-output>
            <line>
              <![CDATA[After Method Reports for APP]]>
            </line>
          </reporter-output>
        </test-method> <!-- Teardownmethod -->
        <test-method is-config="true" signature="Teardown()[pri:0, instance:com.automation.testcases.Loginpagetestcase@393671df]" started-at="2022-02-09T10:56:51 IST" name="Teardown" finished-at="2022-02-09T10:56:53 IST" duration-ms="1998" status="PASS">
          <reporter-output>
            <line>
              <![CDATA[After Class Setup Teardown]]>
            </line>
          </reporter-output>
        </test-method> <!-- Teardown -->
      </class> <!-- com.automation.testcases.Loginpagetestcase -->
    </test> <!-- Test -->
  </suite> <!-- Suite -->
</testng-results>
