<?xml version="1.0" encoding="UTF-8"?>
<!-- Generated by org.testng.reporters.JUnitXMLReporter -->
<testsuite ignored="0" hostname="NDI-LAP-732" failures="1" tests="1" name="Test" time="21.098" errors="0" timestamp="2022-02-09T10:56:53 IST">
  <testcase classname="com.automation.testcases.Loginpagetestcase" name="login" time="5.537">
    <failure type="java.lang.NullPointerException">
      <![CDATA[java.lang.NullPointerException
at com.automation.testcases.Loginpagetestcase.login(Loginpagetestcase.java:31)
at java.base/java.util.ArrayList.forEach(ArrayList.java:1507)
... Removed 27 stack frames]]>
    </failure>
  </testcase> <!-- login -->
</testsuite> <!-- Test -->
